mode: set
github.com/DuduNeves/Estoque_v1/core/product/controller.go:15.73,19.2 1 1
github.com/DuduNeves/Estoque_v1/core/product/controller.go:21.59,25.16 3 1
github.com/DuduNeves/Estoque_v1/core/product/controller.go:32.2,34.16 2 1
github.com/DuduNeves/Estoque_v1/core/product/controller.go:41.2,41.25 1 1
github.com/DuduNeves/Estoque_v1/core/product/controller.go:25.16,30.3 2 1
github.com/DuduNeves/Estoque_v1/core/product/controller.go:34.16,39.3 2 1
github.com/DuduNeves/Estoque_v1/core/product/controller.go:44.63,48.16 2 1
github.com/DuduNeves/Estoque_v1/core/product/controller.go:56.2,56.41 1 1
github.com/DuduNeves/Estoque_v1/core/product/controller.go:48.16,54.3 2 1
github.com/DuduNeves/Estoque_v1/core/product/controller.go:59.63,61.57 2 1
github.com/DuduNeves/Estoque_v1/core/product/controller.go:68.2,69.16 2 1
github.com/DuduNeves/Estoque_v1/core/product/controller.go:77.2,77.28 1 1
github.com/DuduNeves/Estoque_v1/core/product/controller.go:61.57,66.3 2 1
github.com/DuduNeves/Estoque_v1/core/product/controller.go:69.16,75.3 2 1
github.com/DuduNeves/Estoque_v1/core/product/controller.go:80.63,83.16 3 1
github.com/DuduNeves/Estoque_v1/core/product/controller.go:90.2,91.16 2 1
github.com/DuduNeves/Estoque_v1/core/product/controller.go:99.2,99.35 1 1
github.com/DuduNeves/Estoque_v1/core/product/controller.go:83.16,88.3 2 1
github.com/DuduNeves/Estoque_v1/core/product/controller.go:91.16,97.3 2 1
github.com/DuduNeves/Estoque_v1/core/product/controller.go:102.63,106.16 3 1
github.com/DuduNeves/Estoque_v1/core/product/controller.go:114.2,117.16 3 1
github.com/DuduNeves/Estoque_v1/core/product/controller.go:124.2,124.24 1 1
github.com/DuduNeves/Estoque_v1/core/product/controller.go:106.16,112.3 2 1
github.com/DuduNeves/Estoque_v1/core/product/controller.go:117.16,122.3 2 1
github.com/DuduNeves/Estoque_v1/core/product/repository.go:22.61,26.2 1 0
github.com/DuduNeves/Estoque_v1/core/product/repository.go:28.74,32.16 3 0
github.com/DuduNeves/Estoque_v1/core/product/repository.go:35.2,35.22 1 0
github.com/DuduNeves/Estoque_v1/core/product/repository.go:32.16,34.3 1 0
github.com/DuduNeves/Estoque_v1/core/product/repository.go:38.85,42.16 3 0
github.com/DuduNeves/Estoque_v1/core/product/repository.go:46.2,46.22 1 0
github.com/DuduNeves/Estoque_v1/core/product/repository.go:42.16,44.3 1 0
github.com/DuduNeves/Estoque_v1/core/product/repository.go:49.77,52.2 1 0
github.com/DuduNeves/Estoque_v1/core/product/repository.go:54.77,56.2 1 0
github.com/DuduNeves/Estoque_v1/core/product/repository.go:58.86,60.2 1 0
github.com/DuduNeves/Estoque_v1/core/product/service.go:21.20,25.2 1 0
github.com/DuduNeves/Estoque_v1/core/product/service.go:27.82,30.16 2 0
github.com/DuduNeves/Estoque_v1/core/product/service.go:34.2,34.21 1 0
github.com/DuduNeves/Estoque_v1/core/product/service.go:30.16,32.3 1 0
github.com/DuduNeves/Estoque_v1/core/product/service.go:37.71,40.16 2 0
github.com/DuduNeves/Estoque_v1/core/product/service.go:44.2,44.21 1 0
github.com/DuduNeves/Estoque_v1/core/product/service.go:40.16,42.3 1 0
github.com/DuduNeves/Estoque_v1/core/product/service.go:47.74,49.2 1 0
github.com/DuduNeves/Estoque_v1/core/product/service.go:51.74,53.2 1 0
github.com/DuduNeves/Estoque_v1/core/product/service.go:55.83,57.2 1 0
